CRITICAL - 2022-02-04 10:41:02 --> include(path.php): Failed to open stream: No such file or directory
#0 C:\Users\Lenovos340\OneDrive\Desktop\Ci4_Project\app\Views\auth\register.php(1): CodeIgniter\Debug\Exceptions->errorHandler(2, 'include(path.ph...', 'C:\\Users\\Lenovo...', 1)
#1 C:\Users\Lenovos340\OneDrive\Desktop\Ci4_Project\app\Views\auth\register.php(1): include()
#2 C:\Users\Lenovos340\OneDrive\Desktop\Ci4_Project\system\View\View.php(210): include('C:\\Users\\Lenovo...')
#3 C:\Users\Lenovos340\OneDrive\Desktop\Ci4_Project\system\View\View.php(213): CodeIgniter\View\View->CodeIgniter\View\{closure}()
#4 C:\Users\Lenovos340\OneDrive\Desktop\Ci4_Project\system\Common.php(1089): CodeIgniter\View\View->render('auth/register', Array, true)
#5 C:\Users\Lenovos340\OneDrive\Desktop\Ci4_Project\app\Controllers\Auth.php(13): view('auth/register')
#6 C:\Users\Lenovos340\OneDrive\Desktop\Ci4_Project\system\CodeIgniter.php(825): App\Controllers\Auth->register()
#7 C:\Users\Lenovos340\OneDrive\Desktop\Ci4_Project\system\CodeIgniter.php(412): CodeIgniter\CodeIgniter->runController(Object(App\Controllers\Auth))
#8 C:\Users\Lenovos340\OneDrive\Desktop\Ci4_Project\system\CodeIgniter.php(320): CodeIgniter\CodeIgniter->handleRequest(NULL, Object(Config\Cache), false)
#9 C:\Users\Lenovos340\OneDrive\Desktop\Ci4_Project\public\index.php(37): CodeIgniter\CodeIgniter->run()
#10 C:\Users\Lenovos340\OneDrive\Desktop\Ci4_Project\system\Commands\Server\rewrite.php(43): require_once('C:\\Users\\Lenovo...')
#11 {main}
CRITICAL - 2022-02-04 11:29:30 --> Undefined property: App\Controllers\Auth::$validation
#0 C:\Users\Lenovos340\OneDrive\Desktop\Ci4_Project\app\Controllers\Auth.php(28): CodeIgniter\Debug\Exceptions->errorHandler(2, 'Undefined prope...', 'C:\\Users\\Lenovo...', 28)
#1 C:\Users\Lenovos340\OneDrive\Desktop\Ci4_Project\system\CodeIgniter.php(825): App\Controllers\Auth->save()
#2 C:\Users\Lenovos340\OneDrive\Desktop\Ci4_Project\system\CodeIgniter.php(412): CodeIgniter\CodeIgniter->runController(Object(App\Controllers\Auth))
#3 C:\Users\Lenovos340\OneDrive\Desktop\Ci4_Project\system\CodeIgniter.php(320): CodeIgniter\CodeIgniter->handleRequest(NULL, Object(Config\Cache), false)
#4 C:\Users\Lenovos340\OneDrive\Desktop\Ci4_Project\public\index.php(37): CodeIgniter\CodeIgniter->run()
#5 C:\Users\Lenovos340\OneDrive\Desktop\Ci4_Project\system\Commands\Server\rewrite.php(43): require_once('C:\\Users\\Lenovo...')
#6 {main}
ERROR - 2022-02-04 12:43:22 --> Cannot add or update a child row: a foreign key constraint fails (`mavazi`.`tbl_users`, CONSTRAINT `tbl_users_ibfk_1` FOREIGN KEY (`role`) REFERENCES `tbl_roles` (`role_id`) ON DELETE CASCADE ON UPDATE CASCADE)
CRITICAL - 2022-02-04 12:43:22 --> Cannot add or update a child row: a foreign key constraint fails (`mavazi`.`tbl_users`, CONSTRAINT `tbl_users_ibfk_1` FOREIGN KEY (`role`) REFERENCES `tbl_roles` (`role_id`) ON DELETE CASCADE ON UPDATE CASCADE)
#0 C:\Users\Lenovos340\OneDrive\Desktop\Ci4_Project\system\Database\MySQLi\Connection.php(292): mysqli->query('INSERT INTO `tb...', 0)
#1 C:\Users\Lenovos340\OneDrive\Desktop\Ci4_Project\system\Database\BaseConnection.php(670): CodeIgniter\Database\MySQLi\Connection->execute('INSERT INTO `tb...')
#2 C:\Users\Lenovos340\OneDrive\Desktop\Ci4_Project\system\Database\BaseConnection.php(598): CodeIgniter\Database\BaseConnection->simpleQuery('INSERT INTO `tb...')
#3 C:\Users\Lenovos340\OneDrive\Desktop\Ci4_Project\system\Database\BaseBuilder.php(1771): CodeIgniter\Database\BaseConnection->query('INSERT INTO `tb...', Array, false)
#4 C:\Users\Lenovos340\OneDrive\Desktop\Ci4_Project\system\Model.php(239): CodeIgniter\Database\BaseBuilder->insert()
#5 C:\Users\Lenovos340\OneDrive\Desktop\Ci4_Project\system\BaseModel.php(738): CodeIgniter\Model->doInsert(Array)
#6 C:\Users\Lenovos340\OneDrive\Desktop\Ci4_Project\system\Model.php(625): CodeIgniter\BaseModel->insert(Array, true)
#7 C:\Users\Lenovos340\OneDrive\Desktop\Ci4_Project\app\Controllers\Auth.php(96): CodeIgniter\Model->insert(Array)
#8 C:\Users\Lenovos340\OneDrive\Desktop\Ci4_Project\system\CodeIgniter.php(825): App\Controllers\Auth->save()
#9 C:\Users\Lenovos340\OneDrive\Desktop\Ci4_Project\system\CodeIgniter.php(412): CodeIgniter\CodeIgniter->runController(Object(App\Controllers\Auth))
#10 C:\Users\Lenovos340\OneDrive\Desktop\Ci4_Project\system\CodeIgniter.php(320): CodeIgniter\CodeIgniter->handleRequest(NULL, Object(Config\Cache), false)
#11 C:\Users\Lenovos340\OneDrive\Desktop\Ci4_Project\public\index.php(37): CodeIgniter\CodeIgniter->run()
#12 C:\Users\Lenovos340\OneDrive\Desktop\Ci4_Project\system\Commands\Server\rewrite.php(43): require_once('C:\\Users\\Lenovo...')
#13 {main}
ERROR - 2022-02-04 12:54:01 --> Cannot add or update a child row: a foreign key constraint fails (`mavazi`.`tbl_users`, CONSTRAINT `tbl_users_ibfk_1` FOREIGN KEY (`role`) REFERENCES `tbl_roles` (`role_id`) ON DELETE CASCADE ON UPDATE CASCADE)
CRITICAL - 2022-02-04 12:54:01 --> Cannot add or update a child row: a foreign key constraint fails (`mavazi`.`tbl_users`, CONSTRAINT `tbl_users_ibfk_1` FOREIGN KEY (`role`) REFERENCES `tbl_roles` (`role_id`) ON DELETE CASCADE ON UPDATE CASCADE)
#0 C:\Users\Lenovos340\OneDrive\Desktop\Ci4_Project\system\Database\MySQLi\Connection.php(292): mysqli->query('INSERT INTO `tb...', 0)
#1 C:\Users\Lenovos340\OneDrive\Desktop\Ci4_Project\system\Database\BaseConnection.php(670): CodeIgniter\Database\MySQLi\Connection->execute('INSERT INTO `tb...')
#2 C:\Users\Lenovos340\OneDrive\Desktop\Ci4_Project\system\Database\BaseConnection.php(598): CodeIgniter\Database\BaseConnection->simpleQuery('INSERT INTO `tb...')
#3 C:\Users\Lenovos340\OneDrive\Desktop\Ci4_Project\system\Database\BaseBuilder.php(1771): CodeIgniter\Database\BaseConnection->query('INSERT INTO `tb...', Array, false)
#4 C:\Users\Lenovos340\OneDrive\Desktop\Ci4_Project\system\Model.php(239): CodeIgniter\Database\BaseBuilder->insert()
#5 C:\Users\Lenovos340\OneDrive\Desktop\Ci4_Project\system\BaseModel.php(738): CodeIgniter\Model->doInsert(Array)
#6 C:\Users\Lenovos340\OneDrive\Desktop\Ci4_Project\system\Model.php(625): CodeIgniter\BaseModel->insert(Array, true)
#7 C:\Users\Lenovos340\OneDrive\Desktop\Ci4_Project\app\Controllers\Auth.php(98): CodeIgniter\Model->insert(Array)
#8 C:\Users\Lenovos340\OneDrive\Desktop\Ci4_Project\system\CodeIgniter.php(825): App\Controllers\Auth->save()
#9 C:\Users\Lenovos340\OneDrive\Desktop\Ci4_Project\system\CodeIgniter.php(412): CodeIgniter\CodeIgniter->runController(Object(App\Controllers\Auth))
#10 C:\Users\Lenovos340\OneDrive\Desktop\Ci4_Project\system\CodeIgniter.php(320): CodeIgniter\CodeIgniter->handleRequest(NULL, Object(Config\Cache), false)
#11 C:\Users\Lenovos340\OneDrive\Desktop\Ci4_Project\public\index.php(37): CodeIgniter\CodeIgniter->run()
#12 C:\Users\Lenovos340\OneDrive\Desktop\Ci4_Project\system\Commands\Server\rewrite.php(43): require_once('C:\\Users\\Lenovo...')
#13 {main}
ERROR - 2022-02-04 13:01:43 --> Cannot add or update a child row: a foreign key constraint fails (`mavazi`.`tbl_users`, CONSTRAINT `tbl_users_ibfk_1` FOREIGN KEY (`role`) REFERENCES `tbl_roles` (`role_id`) ON DELETE CASCADE ON UPDATE CASCADE)
CRITICAL - 2022-02-04 13:01:43 --> Cannot add or update a child row: a foreign key constraint fails (`mavazi`.`tbl_users`, CONSTRAINT `tbl_users_ibfk_1` FOREIGN KEY (`role`) REFERENCES `tbl_roles` (`role_id`) ON DELETE CASCADE ON UPDATE CASCADE)
#0 C:\Users\Lenovos340\OneDrive\Desktop\Ci4_Project\system\Database\MySQLi\Connection.php(292): mysqli->query('INSERT INTO `tb...', 0)
#1 C:\Users\Lenovos340\OneDrive\Desktop\Ci4_Project\system\Database\BaseConnection.php(670): CodeIgniter\Database\MySQLi\Connection->execute('INSERT INTO `tb...')
#2 C:\Users\Lenovos340\OneDrive\Desktop\Ci4_Project\system\Database\BaseConnection.php(598): CodeIgniter\Database\BaseConnection->simpleQuery('INSERT INTO `tb...')
#3 C:\Users\Lenovos340\OneDrive\Desktop\Ci4_Project\system\Database\BaseBuilder.php(1771): CodeIgniter\Database\BaseConnection->query('INSERT INTO `tb...', Array, false)
#4 C:\Users\Lenovos340\OneDrive\Desktop\Ci4_Project\system\Model.php(239): CodeIgniter\Database\BaseBuilder->insert()
#5 C:\Users\Lenovos340\OneDrive\Desktop\Ci4_Project\system\BaseModel.php(738): CodeIgniter\Model->doInsert(Array)
#6 C:\Users\Lenovos340\OneDrive\Desktop\Ci4_Project\system\Model.php(625): CodeIgniter\BaseModel->insert(Array, true)
#7 C:\Users\Lenovos340\OneDrive\Desktop\Ci4_Project\app\Controllers\Auth.php(98): CodeIgniter\Model->insert(Array)
#8 C:\Users\Lenovos340\OneDrive\Desktop\Ci4_Project\system\CodeIgniter.php(825): App\Controllers\Auth->save()
#9 C:\Users\Lenovos340\OneDrive\Desktop\Ci4_Project\system\CodeIgniter.php(412): CodeIgniter\CodeIgniter->runController(Object(App\Controllers\Auth))
#10 C:\Users\Lenovos340\OneDrive\Desktop\Ci4_Project\system\CodeIgniter.php(320): CodeIgniter\CodeIgniter->handleRequest(NULL, Object(Config\Cache), false)
#11 C:\Users\Lenovos340\OneDrive\Desktop\Ci4_Project\public\index.php(37): CodeIgniter\CodeIgniter->run()
#12 C:\Users\Lenovos340\OneDrive\Desktop\Ci4_Project\system\Commands\Server\rewrite.php(43): require_once('C:\\Users\\Lenovo...')
#13 {main}
ERROR - 2022-02-04 13:02:52 --> Cannot add or update a child row: a foreign key constraint fails (`mavazi`.`tbl_users`, CONSTRAINT `tbl_users_ibfk_1` FOREIGN KEY (`role`) REFERENCES `tbl_roles` (`role_id`) ON DELETE CASCADE ON UPDATE CASCADE)
CRITICAL - 2022-02-04 13:02:52 --> Cannot add or update a child row: a foreign key constraint fails (`mavazi`.`tbl_users`, CONSTRAINT `tbl_users_ibfk_1` FOREIGN KEY (`role`) REFERENCES `tbl_roles` (`role_id`) ON DELETE CASCADE ON UPDATE CASCADE)
#0 C:\Users\Lenovos340\OneDrive\Desktop\Ci4_Project\system\Database\MySQLi\Connection.php(292): mysqli->query('INSERT INTO `tb...', 0)
#1 C:\Users\Lenovos340\OneDrive\Desktop\Ci4_Project\system\Database\BaseConnection.php(670): CodeIgniter\Database\MySQLi\Connection->execute('INSERT INTO `tb...')
#2 C:\Users\Lenovos340\OneDrive\Desktop\Ci4_Project\system\Database\BaseConnection.php(598): CodeIgniter\Database\BaseConnection->simpleQuery('INSERT INTO `tb...')
#3 C:\Users\Lenovos340\OneDrive\Desktop\Ci4_Project\system\Database\BaseBuilder.php(1771): CodeIgniter\Database\BaseConnection->query('INSERT INTO `tb...', Array, false)
#4 C:\Users\Lenovos340\OneDrive\Desktop\Ci4_Project\system\Model.php(239): CodeIgniter\Database\BaseBuilder->insert()
#5 C:\Users\Lenovos340\OneDrive\Desktop\Ci4_Project\system\BaseModel.php(738): CodeIgniter\Model->doInsert(Array)
#6 C:\Users\Lenovos340\OneDrive\Desktop\Ci4_Project\system\Model.php(625): CodeIgniter\BaseModel->insert(Array, true)
#7 C:\Users\Lenovos340\OneDrive\Desktop\Ci4_Project\app\Controllers\Auth.php(98): CodeIgniter\Model->insert(Array)
#8 C:\Users\Lenovos340\OneDrive\Desktop\Ci4_Project\system\CodeIgniter.php(825): App\Controllers\Auth->save()
#9 C:\Users\Lenovos340\OneDrive\Desktop\Ci4_Project\system\CodeIgniter.php(412): CodeIgniter\CodeIgniter->runController(Object(App\Controllers\Auth))
#10 C:\Users\Lenovos340\OneDrive\Desktop\Ci4_Project\system\CodeIgniter.php(320): CodeIgniter\CodeIgniter->handleRequest(NULL, Object(Config\Cache), false)
#11 C:\Users\Lenovos340\OneDrive\Desktop\Ci4_Project\public\index.php(37): CodeIgniter\CodeIgniter->run()
#12 C:\Users\Lenovos340\OneDrive\Desktop\Ci4_Project\system\Commands\Server\rewrite.php(43): require_once('C:\\Users\\Lenovo...')
#13 {main}
CRITICAL - 2022-02-04 13:20:53 --> Call to undefined method CodeIgniter\Session\Session::flashdata()
#0 C:\Users\Lenovos340\OneDrive\Desktop\Ci4_Project\system\View\View.php(210): include()
#1 C:\Users\Lenovos340\OneDrive\Desktop\Ci4_Project\system\View\View.php(213): CodeIgniter\View\View->CodeIgniter\View\{closure}()
#2 C:\Users\Lenovos340\OneDrive\Desktop\Ci4_Project\system\Common.php(1089): CodeIgniter\View\View->render('auth/register', Array, true)
#3 C:\Users\Lenovos340\OneDrive\Desktop\Ci4_Project\app\Controllers\Auth.php(17): view('auth/register')
#4 C:\Users\Lenovos340\OneDrive\Desktop\Ci4_Project\system\CodeIgniter.php(825): App\Controllers\Auth->register()
#5 C:\Users\Lenovos340\OneDrive\Desktop\Ci4_Project\system\CodeIgniter.php(412): CodeIgniter\CodeIgniter->runController(Object(App\Controllers\Auth))
#6 C:\Users\Lenovos340\OneDrive\Desktop\Ci4_Project\system\CodeIgniter.php(320): CodeIgniter\CodeIgniter->handleRequest(NULL, Object(Config\Cache), false)
#7 C:\Users\Lenovos340\OneDrive\Desktop\Ci4_Project\public\index.php(37): CodeIgniter\CodeIgniter->run()
#8 C:\Users\Lenovos340\OneDrive\Desktop\Ci4_Project\system\Commands\Server\rewrite.php(43): require_once('C:\\Users\\Lenovo...')
#9 {main}
CRITICAL - 2022-02-04 13:25:30 --> Call to undefined method CodeIgniter\Session\Session::flashdata()
#0 C:\Users\Lenovos340\OneDrive\Desktop\Ci4_Project\system\View\View.php(210): include()
#1 C:\Users\Lenovos340\OneDrive\Desktop\Ci4_Project\system\View\View.php(213): CodeIgniter\View\View->CodeIgniter\View\{closure}()
#2 C:\Users\Lenovos340\OneDrive\Desktop\Ci4_Project\system\Common.php(1089): CodeIgniter\View\View->render('auth/register', Array, true)
#3 C:\Users\Lenovos340\OneDrive\Desktop\Ci4_Project\app\Controllers\Auth.php(18): view('auth/register')
#4 C:\Users\Lenovos340\OneDrive\Desktop\Ci4_Project\system\CodeIgniter.php(825): App\Controllers\Auth->register()
#5 C:\Users\Lenovos340\OneDrive\Desktop\Ci4_Project\system\CodeIgniter.php(412): CodeIgniter\CodeIgniter->runController(Object(App\Controllers\Auth))
#6 C:\Users\Lenovos340\OneDrive\Desktop\Ci4_Project\system\CodeIgniter.php(320): CodeIgniter\CodeIgniter->handleRequest(NULL, Object(Config\Cache), false)
#7 C:\Users\Lenovos340\OneDrive\Desktop\Ci4_Project\public\index.php(37): CodeIgniter\CodeIgniter->run()
#8 C:\Users\Lenovos340\OneDrive\Desktop\Ci4_Project\system\Commands\Server\rewrite.php(43): require_once('C:\\Users\\Lenovo...')
#9 {main}
CRITICAL - 2022-02-04 13:27:11 --> Call to undefined method CodeIgniter\Session\Session::flashdata()
#0 C:\Users\Lenovos340\OneDrive\Desktop\Ci4_Project\system\View\View.php(210): include()
#1 C:\Users\Lenovos340\OneDrive\Desktop\Ci4_Project\system\View\View.php(213): CodeIgniter\View\View->CodeIgniter\View\{closure}()
#2 C:\Users\Lenovos340\OneDrive\Desktop\Ci4_Project\system\Common.php(1089): CodeIgniter\View\View->render('auth/register', Array, true)
#3 C:\Users\Lenovos340\OneDrive\Desktop\Ci4_Project\app\Controllers\Auth.php(18): view('auth/register')
#4 C:\Users\Lenovos340\OneDrive\Desktop\Ci4_Project\system\CodeIgniter.php(825): App\Controllers\Auth->register()
#5 C:\Users\Lenovos340\OneDrive\Desktop\Ci4_Project\system\CodeIgniter.php(412): CodeIgniter\CodeIgniter->runController(Object(App\Controllers\Auth))
#6 C:\Users\Lenovos340\OneDrive\Desktop\Ci4_Project\system\CodeIgniter.php(320): CodeIgniter\CodeIgniter->handleRequest(NULL, Object(Config\Cache), false)
#7 C:\Users\Lenovos340\OneDrive\Desktop\Ci4_Project\public\index.php(37): CodeIgniter\CodeIgniter->run()
#8 C:\Users\Lenovos340\OneDrive\Desktop\Ci4_Project\system\Commands\Server\rewrite.php(43): require_once('C:\\Users\\Lenovo...')
#9 {main}
CRITICAL - 2022-02-04 13:27:24 --> Call to undefined method CodeIgniter\Session\Session::flashdata()
#0 C:\Users\Lenovos340\OneDrive\Desktop\Ci4_Project\system\View\View.php(210): include()
#1 C:\Users\Lenovos340\OneDrive\Desktop\Ci4_Project\system\View\View.php(213): CodeIgniter\View\View->CodeIgniter\View\{closure}()
#2 C:\Users\Lenovos340\OneDrive\Desktop\Ci4_Project\system\Common.php(1089): CodeIgniter\View\View->render('auth/register', Array, true)
#3 C:\Users\Lenovos340\OneDrive\Desktop\Ci4_Project\app\Controllers\Auth.php(18): view('auth/register')
#4 C:\Users\Lenovos340\OneDrive\Desktop\Ci4_Project\system\CodeIgniter.php(825): App\Controllers\Auth->register()
#5 C:\Users\Lenovos340\OneDrive\Desktop\Ci4_Project\system\CodeIgniter.php(412): CodeIgniter\CodeIgniter->runController(Object(App\Controllers\Auth))
#6 C:\Users\Lenovos340\OneDrive\Desktop\Ci4_Project\system\CodeIgniter.php(320): CodeIgniter\CodeIgniter->handleRequest(NULL, Object(Config\Cache), false)
#7 C:\Users\Lenovos340\OneDrive\Desktop\Ci4_Project\public\index.php(37): CodeIgniter\CodeIgniter->run()
#8 C:\Users\Lenovos340\OneDrive\Desktop\Ci4_Project\system\Commands\Server\rewrite.php(43): require_once('C:\\Users\\Lenovo...')
#9 {main}
CRITICAL - 2022-02-04 13:27:32 --> Call to undefined method CodeIgniter\Session\Session::flashdata()
#0 C:\Users\Lenovos340\OneDrive\Desktop\Ci4_Project\system\View\View.php(210): include()
#1 C:\Users\Lenovos340\OneDrive\Desktop\Ci4_Project\system\View\View.php(213): CodeIgniter\View\View->CodeIgniter\View\{closure}()
#2 C:\Users\Lenovos340\OneDrive\Desktop\Ci4_Project\system\Common.php(1089): CodeIgniter\View\View->render('auth/register', Array, true)
#3 C:\Users\Lenovos340\OneDrive\Desktop\Ci4_Project\app\Controllers\Auth.php(18): view('auth/register')
#4 C:\Users\Lenovos340\OneDrive\Desktop\Ci4_Project\system\CodeIgniter.php(825): App\Controllers\Auth->register()
#5 C:\Users\Lenovos340\OneDrive\Desktop\Ci4_Project\system\CodeIgniter.php(412): CodeIgniter\CodeIgniter->runController(Object(App\Controllers\Auth))
#6 C:\Users\Lenovos340\OneDrive\Desktop\Ci4_Project\system\CodeIgniter.php(320): CodeIgniter\CodeIgniter->handleRequest(NULL, Object(Config\Cache), false)
#7 C:\Users\Lenovos340\OneDrive\Desktop\Ci4_Project\public\index.php(37): CodeIgniter\CodeIgniter->run()
#8 C:\Users\Lenovos340\OneDrive\Desktop\Ci4_Project\system\Commands\Server\rewrite.php(43): require_once('C:\\Users\\Lenovo...')
#9 {main}
CRITICAL - 2022-02-04 13:27:46 --> Call to undefined method CodeIgniter\Session\Session::flashdata()
#0 C:\Users\Lenovos340\OneDrive\Desktop\Ci4_Project\system\View\View.php(210): include()
#1 C:\Users\Lenovos340\OneDrive\Desktop\Ci4_Project\system\View\View.php(213): CodeIgniter\View\View->CodeIgniter\View\{closure}()
#2 C:\Users\Lenovos340\OneDrive\Desktop\Ci4_Project\system\Common.php(1089): CodeIgniter\View\View->render('auth/register', Array, true)
#3 C:\Users\Lenovos340\OneDrive\Desktop\Ci4_Project\app\Controllers\Auth.php(18): view('auth/register')
#4 C:\Users\Lenovos340\OneDrive\Desktop\Ci4_Project\system\CodeIgniter.php(825): App\Controllers\Auth->register()
#5 C:\Users\Lenovos340\OneDrive\Desktop\Ci4_Project\system\CodeIgniter.php(412): CodeIgniter\CodeIgniter->runController(Object(App\Controllers\Auth))
#6 C:\Users\Lenovos340\OneDrive\Desktop\Ci4_Project\system\CodeIgniter.php(320): CodeIgniter\CodeIgniter->handleRequest(NULL, Object(Config\Cache), false)
#7 C:\Users\Lenovos340\OneDrive\Desktop\Ci4_Project\public\index.php(37): CodeIgniter\CodeIgniter->run()
#8 C:\Users\Lenovos340\OneDrive\Desktop\Ci4_Project\system\Commands\Server\rewrite.php(43): require_once('C:\\Users\\Lenovo...')
#9 {main}
CRITICAL - 2022-02-04 13:27:51 --> Call to undefined method CodeIgniter\Session\Session::flashdata()
#0 C:\Users\Lenovos340\OneDrive\Desktop\Ci4_Project\system\View\View.php(210): include()
#1 C:\Users\Lenovos340\OneDrive\Desktop\Ci4_Project\system\View\View.php(213): CodeIgniter\View\View->CodeIgniter\View\{closure}()
#2 C:\Users\Lenovos340\OneDrive\Desktop\Ci4_Project\system\Common.php(1089): CodeIgniter\View\View->render('auth/register', Array, true)
#3 C:\Users\Lenovos340\OneDrive\Desktop\Ci4_Project\app\Controllers\Auth.php(18): view('auth/register')
#4 C:\Users\Lenovos340\OneDrive\Desktop\Ci4_Project\system\CodeIgniter.php(825): App\Controllers\Auth->register()
#5 C:\Users\Lenovos340\OneDrive\Desktop\Ci4_Project\system\CodeIgniter.php(412): CodeIgniter\CodeIgniter->runController(Object(App\Controllers\Auth))
#6 C:\Users\Lenovos340\OneDrive\Desktop\Ci4_Project\system\CodeIgniter.php(320): CodeIgniter\CodeIgniter->handleRequest(NULL, Object(Config\Cache), false)
#7 C:\Users\Lenovos340\OneDrive\Desktop\Ci4_Project\public\index.php(37): CodeIgniter\CodeIgniter->run()
#8 C:\Users\Lenovos340\OneDrive\Desktop\Ci4_Project\system\Commands\Server\rewrite.php(43): require_once('C:\\Users\\Lenovo...')
#9 {main}
CRITICAL - 2022-02-04 13:28:29 --> syntax error, unexpected token ";"
#0 C:\Users\Lenovos340\OneDrive\Desktop\Ci4_Project\system\View\View.php(213): CodeIgniter\View\View->CodeIgniter\View\{closure}()
#1 C:\Users\Lenovos340\OneDrive\Desktop\Ci4_Project\system\Common.php(1089): CodeIgniter\View\View->render('auth/register', Array, true)
#2 C:\Users\Lenovos340\OneDrive\Desktop\Ci4_Project\app\Controllers\Auth.php(18): view('auth/register')
#3 C:\Users\Lenovos340\OneDrive\Desktop\Ci4_Project\system\CodeIgniter.php(825): App\Controllers\Auth->register()
#4 C:\Users\Lenovos340\OneDrive\Desktop\Ci4_Project\system\CodeIgniter.php(412): CodeIgniter\CodeIgniter->runController(Object(App\Controllers\Auth))
#5 C:\Users\Lenovos340\OneDrive\Desktop\Ci4_Project\system\CodeIgniter.php(320): CodeIgniter\CodeIgniter->handleRequest(NULL, Object(Config\Cache), false)
#6 C:\Users\Lenovos340\OneDrive\Desktop\Ci4_Project\public\index.php(37): CodeIgniter\CodeIgniter->run()
#7 C:\Users\Lenovos340\OneDrive\Desktop\Ci4_Project\system\Commands\Server\rewrite.php(43): require_once('C:\\Users\\Lenovo...')
#8 {main}
CRITICAL - 2022-02-04 13:28:31 --> syntax error, unexpected token ";"
#0 C:\Users\Lenovos340\OneDrive\Desktop\Ci4_Project\system\View\View.php(213): CodeIgniter\View\View->CodeIgniter\View\{closure}()
#1 C:\Users\Lenovos340\OneDrive\Desktop\Ci4_Project\system\Common.php(1089): CodeIgniter\View\View->render('auth/register', Array, true)
#2 C:\Users\Lenovos340\OneDrive\Desktop\Ci4_Project\app\Controllers\Auth.php(18): view('auth/register')
#3 C:\Users\Lenovos340\OneDrive\Desktop\Ci4_Project\system\CodeIgniter.php(825): App\Controllers\Auth->register()
#4 C:\Users\Lenovos340\OneDrive\Desktop\Ci4_Project\system\CodeIgniter.php(412): CodeIgniter\CodeIgniter->runController(Object(App\Controllers\Auth))
#5 C:\Users\Lenovos340\OneDrive\Desktop\Ci4_Project\system\CodeIgniter.php(320): CodeIgniter\CodeIgniter->handleRequest(NULL, Object(Config\Cache), false)
#6 C:\Users\Lenovos340\OneDrive\Desktop\Ci4_Project\public\index.php(37): CodeIgniter\CodeIgniter->run()
#7 C:\Users\Lenovos340\OneDrive\Desktop\Ci4_Project\system\Commands\Server\rewrite.php(43): require_once('C:\\Users\\Lenovo...')
#8 {main}
CRITICAL - 2022-02-04 13:28:39 --> syntax error, unexpected token ";"
#0 C:\Users\Lenovos340\OneDrive\Desktop\Ci4_Project\system\View\View.php(213): CodeIgniter\View\View->CodeIgniter\View\{closure}()
#1 C:\Users\Lenovos340\OneDrive\Desktop\Ci4_Project\system\Common.php(1089): CodeIgniter\View\View->render('auth/register', Array, true)
#2 C:\Users\Lenovos340\OneDrive\Desktop\Ci4_Project\app\Controllers\Auth.php(18): view('auth/register')
#3 C:\Users\Lenovos340\OneDrive\Desktop\Ci4_Project\system\CodeIgniter.php(825): App\Controllers\Auth->register()
#4 C:\Users\Lenovos340\OneDrive\Desktop\Ci4_Project\system\CodeIgniter.php(412): CodeIgniter\CodeIgniter->runController(Object(App\Controllers\Auth))
#5 C:\Users\Lenovos340\OneDrive\Desktop\Ci4_Project\system\CodeIgniter.php(320): CodeIgniter\CodeIgniter->handleRequest(NULL, Object(Config\Cache), false)
#6 C:\Users\Lenovos340\OneDrive\Desktop\Ci4_Project\public\index.php(37): CodeIgniter\CodeIgniter->run()
#7 C:\Users\Lenovos340\OneDrive\Desktop\Ci4_Project\system\Commands\Server\rewrite.php(43): require_once('C:\\Users\\Lenovo...')
#8 {main}
CRITICAL - 2022-02-04 16:27:46 --> Namespace declaration statement has to be the very first statement or after any declare call in the script
#0 [internal function]: CodeIgniter\Debug\Exceptions->shutdownHandler()
#1 {main}
CRITICAL - 2022-02-04 16:28:30 --> ini_set(): Session ini settings cannot be changed when a session is active
#0 [internal function]: CodeIgniter\Debug\Exceptions->errorHandler(2, 'ini_set(): Sess...', 'C:\\Users\\Lenovo...', 71)
#1 C:\Users\Lenovos340\OneDrive\Desktop\Ci4_Project\system\Session\Handlers\FileHandler.php(71): ini_set('session.save_pa...', 'C:\\Users\\Lenovo...')
#2 C:\Users\Lenovos340\OneDrive\Desktop\Ci4_Project\system\Config\Services.php(570): CodeIgniter\Session\Handlers\FileHandler->__construct(Object(Config\App), '::1')
#3 C:\Users\Lenovos340\OneDrive\Desktop\Ci4_Project\system\Config\BaseService.php(248): CodeIgniter\Config\Services::session(Object(Config\App), false)
#4 C:\Users\Lenovos340\OneDrive\Desktop\Ci4_Project\system\Config\BaseService.php(189): CodeIgniter\Config\BaseService::__callStatic('session', Array)
#5 C:\Users\Lenovos340\OneDrive\Desktop\Ci4_Project\system\Config\Services.php(563): CodeIgniter\Config\BaseService::getSharedInstance('session', NULL)
#6 C:\Users\Lenovos340\OneDrive\Desktop\Ci4_Project\system\Config\BaseService.php(248): CodeIgniter\Config\Services::session()
#7 C:\Users\Lenovos340\OneDrive\Desktop\Ci4_Project\system\Common.php(901): CodeIgniter\Config\BaseService::__callStatic('session', Array)
#8 C:\Users\Lenovos340\OneDrive\Desktop\Ci4_Project\app\Controllers\Auth.php(132): session()
#9 C:\Users\Lenovos340\OneDrive\Desktop\Ci4_Project\system\CodeIgniter.php(825): App\Controllers\Auth->check()
#10 C:\Users\Lenovos340\OneDrive\Desktop\Ci4_Project\system\CodeIgniter.php(412): CodeIgniter\CodeIgniter->runController(Object(App\Controllers\Auth))
#11 C:\Users\Lenovos340\OneDrive\Desktop\Ci4_Project\system\CodeIgniter.php(320): CodeIgniter\CodeIgniter->handleRequest(NULL, Object(Config\Cache), false)
#12 C:\Users\Lenovos340\OneDrive\Desktop\Ci4_Project\public\index.php(37): CodeIgniter\CodeIgniter->run()
#13 C:\Users\Lenovos340\OneDrive\Desktop\Ci4_Project\system\Commands\Server\rewrite.php(43): require_once('C:\\Users\\Lenovo...')
#14 {main}
CRITICAL - 2022-02-04 17:07:33 --> Call to undefined method App\Models\UsersModel::model
#0 C:\Users\Lenovos340\OneDrive\Desktop\Ci4_Project\app\Controllers\Auth.php(138): CodeIgniter\Model->__call('model', Array)
#1 C:\Users\Lenovos340\OneDrive\Desktop\Ci4_Project\system\CodeIgniter.php(825): App\Controllers\Auth->check()
#2 C:\Users\Lenovos340\OneDrive\Desktop\Ci4_Project\system\CodeIgniter.php(412): CodeIgniter\CodeIgniter->runController(Object(App\Controllers\Auth))
#3 C:\Users\Lenovos340\OneDrive\Desktop\Ci4_Project\system\CodeIgniter.php(320): CodeIgniter\CodeIgniter->handleRequest(NULL, Object(Config\Cache), false)
#4 C:\Users\Lenovos340\OneDrive\Desktop\Ci4_Project\public\index.php(37): CodeIgniter\CodeIgniter->run()
#5 C:\Users\Lenovos340\OneDrive\Desktop\Ci4_Project\system\Commands\Server\rewrite.php(43): require_once('C:\\Users\\Lenovo...')
#6 {main}
CRITICAL - 2022-02-04 17:29:46 --> syntax error, unexpected token "}", expecting "," or ";"
#0 C:\Users\Lenovos340\OneDrive\Desktop\Ci4_Project\system\Router\Router.php(175): CodeIgniter\Router\Router->autoRoute('auth/login')
#1 C:\Users\Lenovos340\OneDrive\Desktop\Ci4_Project\system\CodeIgniter.php(719): CodeIgniter\Router\Router->handle('auth/login')
#2 C:\Users\Lenovos340\OneDrive\Desktop\Ci4_Project\system\CodeIgniter.php(361): CodeIgniter\CodeIgniter->tryToRouteIt(Object(CodeIgniter\Router\RouteCollection))
#3 C:\Users\Lenovos340\OneDrive\Desktop\Ci4_Project\system\CodeIgniter.php(320): CodeIgniter\CodeIgniter->handleRequest(NULL, Object(Config\Cache), false)
#4 C:\Users\Lenovos340\OneDrive\Desktop\Ci4_Project\public\index.php(37): CodeIgniter\CodeIgniter->run()
#5 C:\Users\Lenovos340\OneDrive\Desktop\Ci4_Project\system\Commands\Server\rewrite.php(43): require_once('C:\\Users\\Lenovo...')
#6 {main}
